09:19:41 **** Incremental Build of configuration Debug for project 1571_Robot ****
Info: Internal Builder is used for build
arm-frc-linux-gnueabi-g++ -std=c++1y -I/home/acohen/wpilib/cpp/current/include -I/home/acohen/Projects/Season2015/code/1571_Robot/src -O0 -g3 -Wall -c -fmessage-length=0 -o src/OI.o ../src/OI.cpp 
arm-frc-linux-gnueabi-g++ -std=c++1y -I/home/acohen/wpilib/cpp/current/include -I/home/acohen/Projects/Season2015/code/1571_Robot/src -O0 -g3 -Wall -c -fmessage-length=0 -o src/Robot.o ../src/Robot.cpp 
arm-frc-linux-gnueabi-g++ -L/home/acohen/wpilib/cpp/current/lib -Wl,-rpath,/opt/GenICam_v2_3/bin/Linux_armv7-a -o FRCUserProgram src/Subsystems/EncoderMotorSubsystem.o src/Subsystems/DriveTrainSubsystem.o src/Robot.o src/OI.o src/Commands/SetEncoderMotorPositionCommand.o src/Commands/DriveRobotCommand.o src/CommandBase.o -lwpi 
Info: Nothing to build for 1571_Robot
Info: Nothing to build for TestBoard1
09:23:24 **** Incremental Build of configuration Debug for project 1571_Robot ****
Info: Internal Builder is used for build
arm-frc-linux-gnueabi-g++ -std=c++1y -I/home/acohen/wpilib/cpp/current/include -I/home/acohen/Projects/Season2015/code/1571_Robot/src -O0 -g3 -Wall -c -fmessage-length=0 -o src/OI.o ../src/OI.cpp 
arm-frc-linux-gnueabi-g++ -L/home/acohen/wpilib/cpp/current/lib -Wl,-rpath,/opt/GenICam_v2_3/bin/Linux_armv7-a -o FRCUserProgram src/Subsystems/EncoderMotorSubsystem.o src/Subsystems/DriveTrainSubsystem.o src/Robot.o src/OI.o src/Commands/SetEncoderMotorPositionCommand.o src/Commands/DriveRobotCommand.o src/CommandBase.o -lwpi 
Info: Nothing to build for TestBoard1
09:24:29 **** Incremental Build of configuration Debug for project 1571_Robot ****
Info: Internal Builder is used for build
arm-frc-linux-gnueabi-g++ -std=c++1y -I/home/acohen/wpilib/cpp/current/include -I/home/acohen/Projects/Season2015/code/1571_Robot/src -O0 -g3 -Wall -c -fmessage-length=0 -o src/Subsystems/DriveTrainSubsystem.o ../src/Subsystems/DriveTrainSubsystem.cpp 
arm-frc-linux-gnueabi-g++ -L/home/acohen/wpilib/cpp/current/lib -Wl,-rpath,/opt/GenICam_v2_3/bin/Linux_armv7-a -o FRCUserProgram src/Subsystems/EncoderMotorSubsystem.o src/Subsystems/DriveTrainSubsystem.o src/Robot.o src/OI.o src/Commands/SetEncoderMotorPositionCommand.o src/Commands/DriveRobotCommand.o src/CommandBase.o -lwpi 
Info: Nothing to build for TestBoard1
09:26:17 **** Incremental Build of configuration Debug for project 1571_Robot ****
Info: Internal Builder is used for build
arm-frc-linux-gnueabi-g++ -std=c++1y -I/home/acohen/wpilib/cpp/current/include -I/home/acohen/Projects/Season2015/code/1571_Robot/src -O0 -g3 -Wall -c -fmessage-length=0 -o src/OI.o ../src/OI.cpp 
arm-frc-linux-gnueabi-g++ -L/home/acohen/wpilib/cpp/current/lib -Wl,-rpath,/opt/GenICam_v2_3/bin/Linux_armv7-a -o FRCUserProgram src/Subsystems/EncoderMotorSubsystem.o src/Subsystems/DriveTrainSubsystem.o src/Robot.o src/OI.o src/Commands/SetEncoderMotorPositionCommand.o src/Commands/DriveRobotCommand.o src/CommandBase.o -lwpi 
Info: Nothing to build for TestBoard1
09:27:54 **** Incremental Build of configuration Debug for project 1571_Robot ****
Info: Internal Builder is used for build
arm-frc-linux-gnueabi-g++ -std=c++1y -I/home/acohen/wpilib/cpp/current/include -I/home/acohen/Projects/Season2015/code/1571_Robot/src -O0 -g3 -Wall -c -fmessage-length=0 -o src/OI.o ../src/OI.cpp 
arm-frc-linux-gnueabi-g++ -L/home/acohen/wpilib/cpp/current/lib -Wl,-rpath,/opt/GenICam_v2_3/bin/Linux_armv7-a -o FRCUserProgram src/Subsystems/EncoderMotorSubsystem.o src/Subsystems/DriveTrainSubsystem.o src/Robot.o src/OI.o src/Commands/SetEncoderMotorPositionCommand.o src/Commands/DriveRobotCommand.o src/CommandBase.o -lwpi 
Info: Nothing to build for TestBoard1
09:29:35 **** Incremental Build of configuration Debug for project 1571_Robot ****
Info: Internal Builder is used for build
arm-frc-linux-gnueabi-g++ -std=c++1y -I/home/acohen/wpilib/cpp/current/include -I/home/acohen/Projects/Season2015/code/1571_Robot/src -O0 -g3 -Wall -c -fmessage-length=0 -o src/OI.o ../src/OI.cpp 
arm-frc-linux-gnueabi-g++ -L/home/acohen/wpilib/cpp/current/lib -Wl,-rpath,/opt/GenICam_v2_3/bin/Linux_armv7-a -o FRCUserProgram src/Subsystems/EncoderMotorSubsystem.o src/Subsystems/DriveTrainSubsystem.o src/Robot.o src/OI.o src/Commands/SetEncoderMotorPositionCommand.o src/Commands/DriveRobotCommand.o src/CommandBase.o -lwpi 
Info: Nothing to build for TestBoard1
09:31:08 **** Incremental Build of configuration Debug for project 1571_Robot ****
Info: Internal Builder is used for build
arm-frc-linux-gnueabi-g++ -std=c++1y -I/home/acohen/wpilib/cpp/current/include -I/home/acohen/Projects/Season2015/code/1571_Robot/src -O0 -g3 -Wall -c -fmessage-length=0 -o src/OI.o ../src/OI.cpp 
arm-frc-linux-gnueabi-g++ -L/home/acohen/wpilib/cpp/current/lib -Wl,-rpath,/opt/GenICam_v2_3/bin/Linux_armv7-a -o FRCUserProgram src/Subsystems/EncoderMotorSubsystem.o src/Subsystems/DriveTrainSubsystem.o src/Robot.o src/OI.o src/Commands/SetEncoderMotorPositionCommand.o src/Commands/DriveRobotCommand.o src/CommandBase.o -lwpi 
Info: Nothing to build for TestBoard1
09:32:43 **** Incremental Build of configuration Debug for project 1571_Robot ****
Info: Internal Builder is used for build
arm-frc-linux-gnueabi-g++ -std=c++1y -I/home/acohen/wpilib/cpp/current/include -I/home/acohen/Projects/Season2015/code/1571_Robot/src -O0 -g3 -Wall -c -fmessage-length=0 -o src/OI.o ../src/OI.cpp 
arm-frc-linux-gnueabi-g++ -L/home/acohen/wpilib/cpp/current/lib -Wl,-rpath,/opt/GenICam_v2_3/bin/Linux_armv7-a -o FRCUserProgram src/Subsystems/EncoderMotorSubsystem.o src/Subsystems/DriveTrainSubsystem.o src/Robot.o src/OI.o src/Commands/SetEncoderMotorPositionCommand.o src/Commands/DriveRobotCommand.o src/CommandBase.o -lwpi 
Info: Nothing to build for TestBoard1
09:34:48 **** Incremental Build of configuration Debug for project 1571_Robot ****
Info: Internal Builder is used for build
arm-frc-linux-gnueabi-g++ -std=c++1y -I/home/acohen/wpilib/cpp/current/include -I/home/acohen/Projects/Season2015/code/1571_Robot/src -O0 -g3 -Wall -c -fmessage-length=0 -o src/Commands/SetEncoderMotorPositionCommand.o ../src/Commands/SetEncoderMotorPositionCommand.cpp 
arm-frc-linux-gnueabi-g++ -std=c++1y -I/home/acohen/wpilib/cpp/current/include -I/home/acohen/Projects/Season2015/code/1571_Robot/src -O0 -g3 -Wall -c -fmessage-length=0 -o src/Robot.o ../src/Robot.cpp 
arm-frc-linux-gnueabi-g++ -std=c++1y -I/home/acohen/wpilib/cpp/current/include -I/home/acohen/Projects/Season2015/code/1571_Robot/src -O0 -g3 -Wall -c -fmessage-length=0 -o src/Subsystems/DriveTrainSubsystem.o ../src/Subsystems/DriveTrainSubsystem.cpp 
arm-frc-linux-gnueabi-g++ -std=c++1y -I/home/acohen/wpilib/cpp/current/include -I/home/acohen/Projects/Season2015/code/1571_Robot/src -O0 -g3 -Wall -c -fmessage-length=0 -o src/Subsystems/EncoderMotorSubsystem.o ../src/Subsystems/EncoderMotorSubsystem.cpp 
arm-frc-linux-gnueabi-g++ -std=c++1y -I/home/acohen/wpilib/cpp/current/include -I/home/acohen/Projects/Season2015/code/1571_Robot/src -O0 -g3 -Wall -c -fmessage-length=0 -o src/CommandBase.o ../src/CommandBase.cpp 
arm-frc-linux-gnueabi-g++ -std=c++1y -I/home/acohen/wpilib/cpp/current/include -I/home/acohen/Projects/Season2015/code/1571_Robot/src -O0 -g3 -Wall -c -fmessage-length=0 -o src/Commands/DriveRobotCommand.o ../src/Commands/DriveRobotCommand.cpp 
arm-frc-linux-gnueabi-g++ -std=c++1y -I/home/acohen/wpilib/cpp/current/include -I/home/acohen/Projects/Season2015/code/1571_Robot/src -O0 -g3 -Wall -c -fmessage-length=0 -o src/OI.o ../src/OI.cpp 
arm-frc-linux-gnueabi-g++ -L/home/acohen/wpilib/cpp/current/lib -Wl,-rpath,/opt/GenICam_v2_3/bin/Linux_armv7-a -o FRCUserProgram src/Subsystems/EncoderMotorSubsystem.o src/Subsystems/DriveTrainSubsystem.o src/Robot.o src/OI.o src/Commands/SetEncoderMotorPositionCommand.o src/Commands/DriveRobotCommand.o src/CommandBase.o -lwpi 
Info: Nothing to build for TestBoard1
09:36:23 **** Incremental Build of configuration Debug for project 1571_Robot ****
Info: Internal Builder is used for build
arm-frc-linux-gnueabi-g++ -std=c++1y -I/home/acohen/wpilib/cpp/current/include -I/home/acohen/Projects/Season2015/code/1571_Robot/src -O0 -g3 -Wall -c -fmessage-length=0 -o src/OI.o ../src/OI.cpp 
arm-frc-linux-gnueabi-g++ -std=c++1y -I/home/acohen/wpilib/cpp/current/include -I/home/acohen/Projects/Season2015/code/1571_Robot/src -O0 -g3 -Wall -c -fmessage-length=0 -o src/Robot.o ../src/Robot.cpp 
arm-frc-linux-gnueabi-g++ -std=c++1y -I/home/acohen/wpilib/cpp/current/include -I/home/acohen/Projects/Season2015/code/1571_Robot/src -O0 -g3 -Wall -c -fmessage-length=0 -o src/Subsystems/DriveTrainSubsystem.o ../src/Subsystems/DriveTrainSubsystem.cpp 
arm-frc-linux-gnueabi-g++ -L/home/acohen/wpilib/cpp/current/lib -Wl,-rpath,/opt/GenICam_v2_3/bin/Linux_armv7-a -o FRCUserProgram src/Subsystems/EncoderMotorSubsystem.o src/Subsystems/DriveTrainSubsystem.o src/Robot.o src/OI.o src/Commands/SetEncoderMotorPositionCommand.o src/Commands/DriveRobotCommand.o src/CommandBase.o -lwpi 
Info: Nothing to build for TestBoard1
