14:28:27 **** Rebuild of configuration Debug for project PacGoat ****
Info: Internal Builder is used for build
arm-frc-linux-gnueabi-g++ -std=c++1y -I/home/acohen/wpilib/cpp/current/include -I/home/acohen/Projects/Season2015/code/PacGoat/src -O0 -g3 -Wall -c -fmessage-length=0 -o src/Commands/DriveWithJoystick.o ../src/Commands/DriveWithJoystick.cpp 
arm-frc-linux-gnueabi-g++ -std=c++1y -I/home/acohen/wpilib/cpp/current/include -I/home/acohen/Projects/Season2015/code/PacGoat/src -O0 -g3 -Wall -c -fmessage-length=0 -o src/Commands/Collect.o ../src/Commands/Collect.cpp 
arm-frc-linux-gnueabi-g++ -std=c++1y -I/home/acohen/wpilib/cpp/current/include -I/home/acohen/Projects/Season2015/code/PacGoat/src -O0 -g3 -Wall -c -fmessage-length=0 -o src/Commands/Shoot.o ../src/Commands/Shoot.cpp 
arm-frc-linux-gnueabi-g++ -std=c++1y -I/home/acohen/wpilib/cpp/current/include -I/home/acohen/Projects/Season2015/code/PacGoat/src -O0 -g3 -Wall -c -fmessage-length=0 -o src/Commands/SetCollectionSpeed.o ../src/Commands/SetCollectionSpeed.cpp 
arm-frc-linux-gnueabi-g++ -std=c++1y -I/home/acohen/wpilib/cpp/current/include -I/home/acohen/Projects/Season2015/code/PacGoat/src -O0 -g3 -Wall -c -fmessage-length=0 -o src/Commands/SetPivotSetpoint.o ../src/Commands/SetPivotSetpoint.cpp 
arm-frc-linux-gnueabi-g++ -std=c++1y -I/home/acohen/wpilib/cpp/current/include -I/home/acohen/Projects/Season2015/code/PacGoat/src -O0 -g3 -Wall -c -fmessage-length=0 -o src/Commands/CheckForHotGoal.o ../src/Commands/CheckForHotGoal.cpp 
arm-frc-linux-gnueabi-g++ -std=c++1y -I/home/acohen/wpilib/cpp/current/include -I/home/acohen/Projects/Season2015/code/PacGoat/src -O0 -g3 -Wall -c -fmessage-length=0 -o src/Commands/ExtendShooter.o ../src/Commands/ExtendShooter.cpp 
arm-frc-linux-gnueabi-g++ -std=c++1y -I/home/acohen/wpilib/cpp/current/include -I/home/acohen/Projects/Season2015/code/PacGoat/src -O0 -g3 -Wall -c -fmessage-length=0 -o src/Triggers/DoubleButton.o ../src/Triggers/DoubleButton.cpp 
arm-frc-linux-gnueabi-g++ -std=c++1y -I/home/acohen/wpilib/cpp/current/include -I/home/acohen/Projects/Season2015/code/PacGoat/src -O0 -g3 -Wall -c -fmessage-length=0 -o src/Commands/CloseClaw.o ../src/Commands/CloseClaw.cpp 
arm-frc-linux-gnueabi-g++ -std=c++1y -I/home/acohen/wpilib/cpp/current/include -I/home/acohen/Projects/Season2015/code/PacGoat/src -O0 -g3 -Wall -c -fmessage-length=0 -o src/Commands/DriveAndShootAutonomous.o ../src/Commands/DriveAndShootAutonomous.cpp 
arm-frc-linux-gnueabi-g++ -std=c++1y -I/home/acohen/wpilib/cpp/current/include -I/home/acohen/Projects/Season2015/code/PacGoat/src -O0 -g3 -Wall -c -fmessage-length=0 -o src/Subsystems/Pivot.o ../src/Subsystems/Pivot.cpp 
arm-frc-linux-gnueabi-g++ -std=c++1y -I/home/acohen/wpilib/cpp/current/include -I/home/acohen/Projects/Season2015/code/PacGoat/src -O0 -g3 -Wall -c -fmessage-length=0 -o src/Robot.o ../src/Robot.cpp 
arm-frc-linux-gnueabi-g++ -std=c++1y -I/home/acohen/wpilib/cpp/current/include -I/home/acohen/Projects/Season2015/code/PacGoat/src -O0 -g3 -Wall -c -fmessage-length=0 -o src/Commands/WaitForPressure.o ../src/Commands/WaitForPressure.cpp 
arm-frc-linux-gnueabi-g++ -std=c++1y -I/home/acohen/wpilib/cpp/current/include -I/home/acohen/Projects/Season2015/code/PacGoat/src -O0 -g3 -Wall -c -fmessage-length=0 -o src/Subsystems/Shooter.o ../src/Subsystems/Shooter.cpp 
arm-frc-linux-gnueabi-g++ -std=c++1y -I/home/acohen/wpilib/cpp/current/include -I/home/acohen/Projects/Season2015/code/PacGoat/src -O0 -g3 -Wall -c -fmessage-length=0 -o src/Subsystems/DriveTrain.o ../src/Subsystems/DriveTrain.cpp 
arm-frc-linux-gnueabi-g++ -std=c++1y -I/home/acohen/wpilib/cpp/current/include -I/home/acohen/Projects/Season2015/code/PacGoat/src -O0 -g3 -Wall -c -fmessage-length=0 -o src/Commands/DriveForward.o ../src/Commands/DriveForward.cpp 
arm-frc-linux-gnueabi-g++ -std=c++1y -I/home/acohen/wpilib/cpp/current/include -I/home/acohen/Projects/Season2015/code/PacGoat/src -O0 -g3 -Wall -c -fmessage-length=0 -o src/Commands/OpenClaw.o ../src/Commands/OpenClaw.cpp 
arm-frc-linux-gnueabi-g++ -std=c++1y -I/home/acohen/wpilib/cpp/current/include -I/home/acohen/Projects/Season2015/code/PacGoat/src -O0 -g3 -Wall -c -fmessage-length=0 -o src/Commands/LowGoal.o ../src/Commands/LowGoal.cpp 
arm-frc-linux-gnueabi-g++ -std=c++1y -I/home/acohen/wpilib/cpp/current/include -I/home/acohen/Projects/Season2015/code/PacGoat/src -O0 -g3 -Wall -c -fmessage-length=0 -o src/Commands/WaitForBall.o ../src/Commands/WaitForBall.cpp 
arm-frc-linux-gnueabi-g++ -std=c++1y -I/home/acohen/wpilib/cpp/current/include -I/home/acohen/Projects/Season2015/code/PacGoat/src -O0 -g3 -Wall -c -fmessage-length=0 -o src/OI.o ../src/OI.cpp 
arm-frc-linux-gnueabi-g++ -std=c++1y -I/home/acohen/wpilib/cpp/current/include -I/home/acohen/Projects/Season2015/code/PacGoat/src -O0 -g3 -Wall -c -fmessage-length=0 -o src/Subsystems/Pneumatics.o ../src/Subsystems/Pneumatics.cpp 
arm-frc-linux-gnueabi-g++ -std=c++1y -I/home/acohen/wpilib/cpp/current/include -I/home/acohen/Projects/Season2015/code/PacGoat/src -O0 -g3 -Wall -c -fmessage-length=0 -o src/Subsystems/Collector.o ../src/Subsystems/Collector.cpp 
arm-frc-linux-gnueabi-g++ -L/home/acohen/wpilib/cpp/current/lib -Wl,-rpath,/opt/GenICam_v2_3/bin/Linux_armv7-a -o FRCUserProgram src/Triggers/DoubleButton.o src/Subsystems/Shooter.o src/Subsystems/Pneumatics.o src/Subsystems/Pivot.o src/Subsystems/DriveTrain.o src/Subsystems/Collector.o src/Robot.o src/OI.o src/Commands/WaitForPressure.o src/Commands/WaitForBall.o src/Commands/Shoot.o src/Commands/SetPivotSetpoint.o src/Commands/SetCollectionSpeed.o src/Commands/OpenClaw.o src/Commands/LowGoal.o src/Commands/ExtendShooter.o src/Commands/DriveWithJoystick.o src/Commands/DriveForward.o src/Commands/DriveAndShootAutonomous.o src/Commands/Collect.o src/Commands/CloseClaw.o src/Commands/CheckForHotGoal.o -lwpi 

14:28:55 Build Finished (took 28s.323ms)

